<?xml version="1.0" encoding="UTF-8"?>
<!-- Generated by org.testng.reporters.JUnitReportReporter -->
<testsuite hostname="HMECL002132" failures="0" tests="1" name="com.unimoni.test.Test" time="0.080" errors="0" timestamp="03 Feb 2020 10:00:10 GMT" skipped="0">
  <testcase classname="com.unimoni.test.Test" name="name" time="0.080"/>
</testsuite> <!-- com.unimoni.test.Test -->
